<?xml version="1.0" encoding="UTF-8"?>
<!-- Generated by org.testng.reporters.JUnitXMLReporter -->
<testsuite ignored="1" hostname="LAPTOP-S60HSV3C" failures="0" tests="3" name="Test Case 1" time="0.058" errors="0" timestamp="2023-11-10T22:23:41 IST">
  <testcase classname="com.SeleniumPractice.TestNGPractice" name="foo" time="0.011"/>
  <testcase classname="com.SeleniumPractice.TestNGPractice" name="hello" time="0.002"/>
  <testcase classname="com.SeleniumPractice.HelloWorld" name="foo1" time="0.001"/>
  <testcase classname="com.SeleniumPractice.HelloWorld" name="hello1" time="0.0">
    <ignored/>
  </testcase> <!-- hello1 -->
</testsuite> <!-- Test Case 1 -->
